<?xml version="1.0" encoding="UTF-8"?>
<testng-results skipped="0" failed="0" total="1" passed="1">
  <reporter-output>
  </reporter-output>
  <suite name="TestAutomation" duration-ms="1146" started-at="2020-04-17T17:46:23Z" finished-at="2020-04-17T17:46:24Z">
    <groups>
    </groups>
    <test name="ChromeFormFilling" duration-ms="1146" started-at="2020-04-17T17:46:23Z" finished-at="2020-04-17T17:46:24Z">
      <class name="TestAuto.duplicatedata">
        <test-method status="PASS" signature="beforeSuite()[pri:0, instance:TestAuto.duplicatedata@1ba5a14]" name="beforeSuite" is-config="true" duration-ms="0" started-at="2020-04-17T23:16:23Z" finished-at="2020-04-17T23:16:23Z">
          <reporter-output>
          </reporter-output>
        </test-method> <!-- beforeSuite -->
        <test-method status="PASS" signature="test()[pri:0, instance:TestAuto.duplicatedata@1ba5a14]" name="test" duration-ms="1130" started-at="2020-04-17T23:16:23Z" finished-at="2020-04-17T23:16:24Z">
          <reporter-output>
          </reporter-output>
        </test-method> <!-- test -->
        <test-method status="PASS" signature="afterSuite()[pri:0, instance:TestAuto.duplicatedata@1ba5a14]" name="afterSuite" is-config="true" duration-ms="0" started-at="2020-04-17T23:16:24Z" finished-at="2020-04-17T23:16:24Z">
          <reporter-output>
          </reporter-output>
        </test-method> <!-- afterSuite -->
      </class> <!-- TestAuto.duplicatedata -->
    </test> <!-- ChromeFormFilling -->
  </suite> <!-- TestAutomation -->
</testng-results>
